#
# There is insufficient memory for the Java Runtime Environment to continue.
# Native memory allocation (malloc) failed to allocate 1048576 bytes for AllocateHeap
# Possible reasons:
#   The system is out of physical RAM or swap space
#   In 32 bit mode, the process size limit was hit
# Possible solutions:
#   Reduce memory load on the system
#   Increase physical memory or swap space
#   Check if swap backing store is full
#   Use 64 bit Java on a 64 bit OS
#   Decrease Java heap size (-Xmx/-Xms)
#   Decrease number of Java threads
#   Decrease Java thread stack sizes (-Xss)
#   Set larger code cache with -XX:ReservedCodeCacheSize=
# This output file may be truncated or incomplete.
#
#  Out of Memory Error (memory/allocation.inline.hpp:61), pid=7492, tid=0x00000000000005f0
#
# JRE version:  (8.0_181-b13) (build )
# Java VM: Java HotSpot(TM) 64-Bit Server VM (25.181-b13 mixed mode windows-amd64 compressed oops)
# Failed to write core dump. Minidumps are not enabled by default on client versions of Windows
#

---------------  T H R E A D  ---------------

Current thread (0x000000000271e000):  JavaThread "Unknown thread" [_thread_in_vm, id=1520, stack(0x0000000002720000,0x0000000002820000)]

Stack: [0x0000000002720000,0x0000000002820000]
[error occurred during error reporting (printing stack bounds), id 0xc0000005]

Native frames: (J=compiled Java code, j=interpreted, Vv=VM code, C=native code)


---------------  P R O C E S S  ---------------

Java Threads: ( => current thread )

Other Threads:

=>0x000000000271e000 (exited) JavaThread "Unknown thread" [_thread_in_vm, id=1520, stack(0x0000000002720000,0x0000000002820000)]

VM state:not at safepoint (normal execution)

VM Mutex/Monitor currently owned by a thread: None

Heap:
 PSYoungGen      total 57344K, used 983K [0x0000000780580000, 0x0000000784580000, 0x00000007c0000000)
  eden space 49152K, 2% used [0x0000000780580000,0x0000000780675c38,0x0000000783580000)
  from space 8192K, 0% used [0x0000000783d80000,0x0000000783d80000,0x0000000784580000)
  to   space 8192K, 0% used [0x0000000783580000,0x0000000783580000,0x0000000783d80000)
 ParOldGen       total 131072K, used 0K [0x0000000701000000, 0x0000000709000000, 0x0000000780580000)
  object space 131072K, 0% used [0x0000000701000000,0x0000000701000000,0x0000000709000000)
 Metaspace       used 775K, capacity 4480K, committed 4480K, reserved 1056768K
  class space    used 76K, capacity 384K, committed 384K, reserved 1048576K

Card table byte_map: [0x0000000011ce0000,0x00000000122e0000] byte_map_base: 0x000000000e4d8000

Marking Bits: (ParMarkBitMap*) 0x0000000058762d00
 Begin Bits: [0x0000000012ee0000, 0x0000000015ea0000)
 End Bits:   [0x0000000015ea0000, 0x0000000018e60000)

Polling page: 0x0000000000930000

CodeCache: size=245760Kb used=327Kb max_used=327Kb free=245432Kb
 bounds [0x0000000002920000, 0x0000000002b90000, 0x0000000011920000]
 total_blobs=57 nmethods=0 adapters=38
 compilation: enabled

Compilation events (0 events):
No events

GC Heap History (0 events):
No events

Deoptimization events (0 events):
No events

Classes redefined (0 events):
No events

Internal exceptions (0 events):
No events

Events (10 events):
Event: 0.023 loading class java/lang/Short
Event: 0.023 loading class java/lang/Short done
Event: 0.023 loading class java/lang/Integer
Event: 0.023 loading class java/lang/Integer done
Event: 0.023 loading class java/lang/Long
Event: 0.023 loading class java/lang/Long done
Event: 0.023 loading class java/lang/NullPointerException
Event: 0.023 loading class java/lang/NullPointerException done
Event: 0.023 loading class java/lang/ArithmeticException
Event: 0.024 loading class java/lang/ArithmeticException done


Dynamic libraries:
0x00007ff6da420000 - 0x00007ff6da457000 	C:\Program Files\Java\jdk1.8.0_181\bin\javaw.exe
0x00007ffc91620000 - 0x00007ffc91801000 	C:\WINDOWS\SYSTEM32\ntdll.dll
0x00007ffc8f6e0000 - 0x00007ffc8f792000 	C:\WINDOWS\System32\KERNEL32.DLL
0x00007ffc8da40000 - 0x00007ffc8dcb3000 	C:\WINDOWS\System32\KERNELBASE.dll
0x00007ffc8f9a0000 - 0x00007ffc8fa41000 	C:\WINDOWS\System32\ADVAPI32.dll
0x00007ffc8f1e0000 - 0x00007ffc8f27e000 	C:\WINDOWS\System32\msvcrt.dll
0x00007ffc8ff80000 - 0x00007ffc8ffdb000 	C:\WINDOWS\System32\sechost.dll
0x00007ffc8eb80000 - 0x00007ffc8eca4000 	C:\WINDOWS\System32\RPCRT4.dll
0x00007ffc8f300000 - 0x00007ffc8f490000 	C:\WINDOWS\System32\USER32.dll
0x00007ffc8dd40000 - 0x00007ffc8dd60000 	C:\WINDOWS\System32\win32u.dll
0x00007ffc8f970000 - 0x00007ffc8f998000 	C:\WINDOWS\System32\GDI32.dll
0x00007ffc8dd60000 - 0x00007ffc8def2000 	C:\WINDOWS\System32\gdi32full.dll
0x00007ffc8df00000 - 0x00007ffc8df9f000 	C:\WINDOWS\System32\msvcp_win.dll
0x00007ffc8e6b0000 - 0x00007ffc8e7aa000 	C:\WINDOWS\System32\ucrtbase.dll
0x00007ffc7bc20000 - 0x00007ffc7be89000 	C:\WINDOWS\WinSxS\amd64_microsoft.windows.common-controls_6595b64144ccf1df_6.0.17134.407_none_fb449d63306391e9\COMCTL32.dll
0x00007ffc8ed60000 - 0x00007ffc8f082000 	C:\WINDOWS\System32\combase.dll
0x00007ffc8dcc0000 - 0x00007ffc8dd3a000 	C:\WINDOWS\System32\bcryptPrimitives.dll
0x00007ffc90180000 - 0x00007ffc901ad000 	C:\WINDOWS\System32\IMM32.DLL
0x0000000057ca0000 - 0x0000000057d72000 	C:\Program Files\Java\jdk1.8.0_181\jre\bin\msvcr100.dll
0x0000000057f40000 - 0x00000000587e2000 	C:\Program Files\Java\jdk1.8.0_181\jre\bin\server\jvm.dll
0x00007ffc8f4f0000 - 0x00007ffc8f4f8000 	C:\WINDOWS\System32\PSAPI.DLL
0x00007ffc8b680000 - 0x00007ffc8b6a3000 	C:\WINDOWS\SYSTEM32\WINMM.dll
0x00007ffc7e840000 - 0x00007ffc7e849000 	C:\WINDOWS\SYSTEM32\WSOCK32.dll
0x00007ffc87510000 - 0x00007ffc8751a000 	C:\WINDOWS\SYSTEM32\VERSION.dll
0x00007ffc8f900000 - 0x00007ffc8f96c000 	C:\WINDOWS\System32\WS2_32.dll
0x00007ffc8b4b0000 - 0x00007ffc8b4da000 	C:\WINDOWS\SYSTEM32\WINMMBASE.dll
0x00007ffc8d9f0000 - 0x00007ffc8da39000 	C:\WINDOWS\System32\cfgmgr32.dll
0x0000000057e50000 - 0x0000000057e5f000 	C:\Program Files\Java\jdk1.8.0_181\jre\bin\verify.dll
0x0000000057e20000 - 0x0000000057e49000 	C:\Program Files\Java\jdk1.8.0_181\jre\bin\java.dll
0x0000000057e00000 - 0x0000000057e16000 	C:\Program Files\Java\jdk1.8.0_181\jre\bin\zip.dll

VM Arguments:
jvm_args: -Dfile.encoding=Cp1252 
java_command: modelo.Iniciar
java_class_path (initial): C:\Program Files\Java\jdk1.8.0_181\jre\lib\resources.jar;C:\Program Files\Java\jdk1.8.0_181\jre\lib\rt.jar;C:\Program Files\Java\jdk1.8.0_181\jre\lib\jsse.jar;C:\Program Files\Java\jdk1.8.0_181\jre\lib\jce.jar;C:\Program Files\Java\jdk1.8.0_181\jre\lib\charsets.jar;C:\Program Files\Java\jdk1.8.0_181\jre\lib\jfr.jar;C:\Program Files\Java\jdk1.8.0_181\jre\lib\ext\access-bridge-64.jar;C:\Program Files\Java\jdk1.8.0_181\jre\lib\ext\cldrdata.jar;C:\Program Files\Java\jdk1.8.0_181\jre\lib\ext\dnsns.jar;C:\Program Files\Java\jdk1.8.0_181\jre\lib\ext\jaccess.jar;C:\Program Files\Java\jdk1.8.0_181\jre\lib\ext\jfxrt.jar;C:\Program Files\Java\jdk1.8.0_181\jre\lib\ext\localedata.jar;C:\Program Files\Java\jdk1.8.0_181\jre\lib\ext\nashorn.jar;C:\Program Files\Java\jdk1.8.0_181\jre\lib\ext\sunec.jar;C:\Program Files\Java\jdk1.8.0_181\jre\lib\ext\sunjce_provider.jar;C:\Program Files\Java\jdk1.8.0_181\jre\lib\ext\sunmscapi.jar;C:\Program Files\Java\jdk1.8.0_181\jre\lib\ext\sunpkcs11.jar;C:\Program Files\Java\jdk1.8.0_181\jre\lib\ext\zipfs.jar;C:\Users\kirau\eclipse-workspace\ReservarAsesoria\bin;C:\Users\kirau\eclipse-workspace\ReservarAsesoria\miglayout15-swing.jar
Launcher Type: SUN_STANDARD

Environment Variables:
JAVA_HOME=C:\Program Files\Java\jdk1.8.0_181
PATH=C:/Program Files/Java/jdk1.8.0_181/bin/../jre/bin/server;C:/Program Files/Java/jdk1.8.0_181/bin/../jre/bin;C:/Program Files/Java/jdk1.8.0_181/bin/../jre/lib/amd64;C:\oraclexe\app\oracle\product\11.2.0\server\bin;C:\Program Files\Java\jdk1.8.0_181\bin;C:\Program Files (x86)\Common Files\Oracle\Java\javapath;C:\WINDOWS\system32;C:\WINDOWS;C:\WINDOWS\System32\Wbem;C:\WINDOWS\System32\WindowsPowerShell\v1.0\;C:\Program Files\dotnet\;C:\MinGW\bin;C:\Program Files\Git\cmd;C:\WINDOWS\System32\OpenSSH\;C:\Program Files (x86)\FreeFem++;C:\Program Files (x86)\Brackets\command;C:\Gradle\gradle-4.10.1\bin;C:\Program Files\Microsoft VS Code\bin;C:\Users\kirau\AppData\Local\Microsoft\WindowsApps;C:\Program Files\Microsoft VS Code\bin;C:\Program Files\Java\jdk1.8.0_181\bin;C:\Users\kirau\AppData\Local\GitHubDesktop\bin;C:\WINDOWS\System32;
USERNAME=kirau
OS=Windows_NT
PROCESSOR_IDENTIFIER=AMD64 Family 23 Model 1 Stepping 1, AuthenticAMD



---------------  S Y S T E M  ---------------

OS: Windows 10.0 , 64 bit Build 17134 (10.0.17134.1)

CPU:total 8 (initial active 8) (8 cores per cpu, 1 threads per core) family 23 model 1 stepping 1, cmov, cx8, fxsr, mmx, sse, sse2, sse3, ssse3, sse4.1, sse4.2, popcnt, avx, avx2, aes, clmul, mmxext, 3dnowpref, lzcnt, sse4a, tsc, tscinvbit, tscinv, bmi1

Memory: 4k page, physical 12511808k(6345588k free), swap 12511808k(5796k free)

vm_info: Java HotSpot(TM) 64-Bit Server VM (25.181-b13) for windows-amd64 JRE (1.8.0_181-b13), built on Jul  7 2018 04:01:33 by "java_re" with MS VC++ 10.0 (VS2010)

time: Fri Dec 07 18:07:25 2018
elapsed time: 0 seconds (0d 0h 0m 0s)

